2018-8-24 09:11:53[ INFO](ChatServer.java:50) 服务已启动,监听端口8899
2018-8-24 09:12:28[ INFO](HttpHandler.java:33) =====path:/D:/github/xstart/target/classes/wchat/chat.html
2018-8-24 09:12:47[ INFO](HttpHandler.java:33) =====path:/D:/github/xstart/target/classes/wchat/chat.html
2018-8-24 09:12:55[ INFO](HttpHandler.java:33) =====path:/D:/github/xstart/target/classes/wchat/chat.html
2018-8-24 09:12:59[ INFO](HttpHandler.java:33) =====path:/D:/github/xstart/target/classes/wchat/js/lib/jquery.min.js
2018-8-24 09:12:59[ INFO](HttpHandler.java:33) =====path:/D:/github/xstart/target/classes/wchat/js/chat.util.js
2018-8-24 09:12:59[ INFO](HttpHandler.java:33) =====path:/D:/github/xstart/target/classes/wchat/js/lib/jquery.snowfall.js
2018-8-24 09:13:01[ INFO](HttpHandler.java:33) =====path:/D:/github/xstart/target/classes/wchat/css/style.css
2018-8-24 09:13:01[ INFO](HttpHandler.java:33) =====path:/D:/github/xstart/target/classes/wchat/favicon.ico
2018-8-24 09:22:57[ INFO](ChatServer.java:50) 服务已启动,监听端口8899
2018-8-24 09:23:30[ INFO](ChatServer.java:50) 服务已启动,监听端口8899
2018-8-24 09:24:38[ INFO](ChatServer.java:50) 服务已启动,监听端口8899
2018-8-24 09:34:57[ INFO](ChatServer.java:50) 服务已启动,监听端口8899
2018-8-24 09:36:16[ INFO](ChatServer.java:50) 服务已启动,监听端口8899
2018-8-24 09:38:33[ INFO](ChatServer.java:50) 服务已启动,监听端口8899
2018-8-24 09:42:20[ INFO](ChatServer.java:50) 服务已启动,监听端口8899
2018-8-24 09:44:48[ INFO](ChatServer.java:50) 服务已启动,监听端口8899
2018-8-24 09:45:12[ INFO](HttpHandler.java:36) =====path:/D:/github/xstart/target/classes/wchat/chat.html
2018-8-24 09:45:12[ INFO](HttpHandler.java:36) =====path:/D:/github/xstart/target/classes/wchat//css/style.css
2018-8-24 09:45:12[ INFO](HttpHandler.java:36) =====path:/D:/github/xstart/target/classes/wchat//js/lib/jquery.min.js
2018-8-24 09:45:12[ INFO](HttpHandler.java:36) =====path:/D:/github/xstart/target/classes/wchat//js/lib/jquery.snowfall.js
2018-8-24 09:45:12[ INFO](HttpHandler.java:36) =====path:/D:/github/xstart/target/classes/wchat//js/chat.util.js
2018-8-24 09:45:30[ INFO](HttpHandler.java:36) =====path:/D:/github/xstart/target/classes/wchat//images/icon/flower.png
2018-8-24 09:45:30[ INFO](HttpHandler.java:36) =====path:/D:/github/xstart/target/classes/wchat//images/icon/face.png
2018-8-24 10:25:05[ INFO](ChatServer.java:50) 服务已启动,监听端口8899
2018-8-24 10:25:20[ INFO](HttpHandler.java:36) =====path:/D:/github/xstart/target/classes/wchat/chat.html
2018-8-24 10:25:20[ INFO](HttpHandler.java:36) =====path:/D:/github/xstart/target/classes/wchat//css/style.css
2018-8-24 10:25:20[ INFO](HttpHandler.java:36) =====path:/D:/github/xstart/target/classes/wchat//js/lib/jquery.min.js
2018-8-24 10:25:20[ INFO](HttpHandler.java:36) =====path:/D:/github/xstart/target/classes/wchat//js/lib/jquery.snowfall.js
2018-8-24 10:25:20[ INFO](HttpHandler.java:36) =====path:/D:/github/xstart/target/classes/wchat//js/chat.util.js
2018-8-24 10:37:26[ INFO](ChatServer.java:50) 服务已启动,监听端口8899
2018-8-24 10:37:28[ INFO](HttpHandler.java:36) =====path:/D:/github/xstart/target/classes/wchat/chat.html
2018-8-24 10:37:28[ INFO](HttpHandler.java:36) =====path:/D:/github/xstart/target/classes/wchat//css/style.css
2018-8-24 10:37:28[ INFO](HttpHandler.java:36) =====path:/D:/github/xstart/target/classes/wchat//js/lib/jquery.min.js
2018-8-24 10:37:28[ INFO](HttpHandler.java:36) =====path:/D:/github/xstart/target/classes/wchat//js/lib/jquery.snowfall.js
2018-8-24 10:37:28[ INFO](HttpHandler.java:36) =====path:/D:/github/xstart/target/classes/wchat//js/chat.util.js
2018-8-24 10:43:23[ INFO](ChatServer.java:50) 服务已启动,监听端口8899
2018-8-24 10:46:40[ INFO](ChatServer.java:50) 服务已启动,监听端口8899
2018-8-24 10:48:36[ INFO](ChatServer.java:50) 服务已启动,监听端口8899
2018-8-24 13:26:31[ INFO](ChatServer.java:50) 服务已启动,监听端口8899
2018-8-24 13:26:50[ INFO](HttpHandler.java:36) =====path:/D:/github/xstart/target/classes/wchat//chat.html
2018-8-24 13:26:50[ INFO](HttpHandler.java:36) =====path:/D:/github/xstart/target/classes/wchat//css/style.css
2018-8-24 13:26:50[ INFO](HttpHandler.java:36) =====path:/D:/github/xstart/target/classes/wchat//js/lib/jquery.min.js
2018-8-24 13:26:50[ INFO](HttpHandler.java:36) =====path:/D:/github/xstart/target/classes/wchat//js/chat.util.js
2018-8-24 13:26:50[ INFO](HttpHandler.java:36) =====path:/D:/github/xstart/target/classes/wchat//js/lib/jquery.snowfall.js
2018-8-24 13:35:30[ INFO](ChatServer.java:50) 服务已启动,监听端口8899
2018-8-24 17:07:57[ INFO](ChatServer.java:50) 服务已启动,监听端口8899
2018-8-24 17:12:05[ INFO](ChatServer.java:50) 服务已启动,监听端口8899
2018-8-24 17:31:21[ INFO](ChatServer.java:52) 服务已启动,监听端口8899
2018-8-24 17:37:07[ INFO](ChatServer.java:52) 服务已启动,监听端口8899
2018-8-24 17:44:05[ INFO](HttpHandler.java:36) =====path:/D:/github/xstart/target/classes/wchat/chat.html
2018-8-24 17:44:06[ INFO](HttpHandler.java:36) =====path:/D:/github/xstart/target/classes/wchat//js/lib/jquery.min.js
2018-8-24 17:44:06[ INFO](HttpHandler.java:36) =====path:/D:/github/xstart/target/classes/wchat//css/style.css
2018-8-24 17:44:06[ INFO](HttpHandler.java:36) =====path:/D:/github/xstart/target/classes/wchat//js/lib/jquery.snowfall.js
2018-8-24 17:44:06[ INFO](HttpHandler.java:36) =====path:/D:/github/xstart/target/classes/wchat//js/chat.util.js
2018-8-24 17:44:42[ INFO](ChatServer.java:52) 服务已启动,监听端口8899
2018-8-24 18:06:12[ INFO](ChatServer.java:52) 服务已启动,监听端口8899
